0 info it worked if it ends with ok
1 verbose cli [ '/usr/local/bin/node', '/usr/local/bin/npm', 'run', 'start' ]
2 info using npm@3.8.2
3 info using node@v5.6.0
4 verbose run-script [ 'prestart', 'start', 'poststart' ]
5 info lifecycle coffeetime@0.0.1~prestart: coffeetime@0.0.1
6 silly lifecycle coffeetime@0.0.1~prestart: no script for prestart, continuing
7 info lifecycle coffeetime@0.0.1~start: coffeetime@0.0.1
8 verbose lifecycle coffeetime@0.0.1~start: unsafe-perm in lifecycle true
9 verbose lifecycle coffeetime@0.0.1~start: PATH: /usr/local/lib/node_modules/npm/bin/node-gyp-bin:/Users/elli/Documents/coffeeplusime/node_modules/.bin:/usr/local/bin:/Library/Frameworks/Python.framework/Versions/3.5/bin:/bin:/sbin:/usr/bin:/usr/local/sbin:/usr/local/bin:/usr/local/bin:/usr/local/bin:/usr/bin:/bin:/usr/sbin:/sbin:/opt/X11/bin:/usr/local/git/bin:/usr/local/go/bin:/usr/local/pgsql/bin
10 verbose lifecycle coffeetime@0.0.1~start: CWD: /Users/elli/Documents/coffeeplusime
11 silly lifecycle coffeetime@0.0.1~start: Args: [ '-c',
11 silly lifecycle   'webpack-dev-server --inline --colors --progress --display-error-details --display-cached --port 8080 --content-base src' ]
12 silly lifecycle coffeetime@0.0.1~start: Returned: code: 1  signal: null
13 info lifecycle coffeetime@0.0.1~start: Failed to exec start script
14 verbose stack Error: coffeetime@0.0.1 start: `webpack-dev-server --inline --colors --progress --display-error-details --display-cached --port 8080 --content-base src`
14 verbose stack Exit status 1
14 verbose stack     at EventEmitter.<anonymous> (/usr/local/lib/node_modules/npm/lib/utils/lifecycle.js:239:16)
14 verbose stack     at emitTwo (events.js:100:13)
14 verbose stack     at EventEmitter.emit (events.js:185:7)
14 verbose stack     at ChildProcess.<anonymous> (/usr/local/lib/node_modules/npm/lib/utils/spawn.js:24:14)
14 verbose stack     at emitTwo (events.js:100:13)
14 verbose stack     at ChildProcess.emit (events.js:185:7)
14 verbose stack     at maybeClose (internal/child_process.js:827:16)
14 verbose stack     at Process.ChildProcess._handle.onexit (internal/child_process.js:211:5)
15 verbose pkgid coffeetime@0.0.1
16 verbose cwd /Users/elli/Documents/coffeeplusime
17 error Darwin 15.0.0
18 error argv "/usr/local/bin/node" "/usr/local/bin/npm" "run" "start"
19 error node v5.6.0
20 error npm  v3.8.2
21 error code ELIFECYCLE
22 error coffeetime@0.0.1 start: `webpack-dev-server --inline --colors --progress --display-error-details --display-cached --port 8080 --content-base src`
22 error Exit status 1
23 error Failed at the coffeetime@0.0.1 start script 'webpack-dev-server --inline --colors --progress --display-error-details --display-cached --port 8080 --content-base src'.
23 error Make sure you have the latest version of node.js and npm installed.
23 error If you do, this is most likely a problem with the coffeetime package,
23 error not with npm itself.
23 error Tell the author that this fails on your system:
23 error     webpack-dev-server --inline --colors --progress --display-error-details --display-cached --port 8080 --content-base src
23 error You can get information on how to open an issue for this project with:
23 error     npm bugs coffeetime
23 error Or if that isn't available, you can get their info via:
23 error     npm owner ls coffeetime
23 error There is likely additional logging output above.
24 verbose exit [ 1, true ]
